<?xml version="1.0" encoding="UTF-8"?>
<!-- Generated by org.testng.reporters.JUnitReportReporter -->
<testsuite hostname="LAPTOP-FD4NVGGE" failures="0" tests="1" name="test_scenarios.FlipKartTest" time="13.214" errors="0" timestamp="2024-09-19T11:32:11 IST" skipped="0">
  <testcase classname="test_scenarios.FlipKartTest" name="fkTest" time="13.214"/>
</testsuite> <!-- test_scenarios.FlipKartTest -->
