<?xml version="1.0" encoding="UTF-8"?>
<!-- Generated by org.testng.reporters.JUnitReportReporter -->
<testsuite hostname="LAPTOP-FD4NVGGE" failures="0" tests="1" name="jupitorToys.IntegrationTesting1" time="9.330" errors="0" timestamp="2024-09-24T15:54:20 IST" skipped="0">
  <testcase classname="jupitorToys.IntegrationTesting1" name="addProductToCart" time="9.330"/>
  <system-out/>
</testsuite> <!-- jupitorToys.IntegrationTesting1 -->
