<?xml version="1.0" encoding="UTF-8"?>
<!-- Generated by org.testng.reporters.JUnitReportReporter -->
<testsuite hostname="LAPTOP-FD4NVGGE" failures="0" tests="1" name="jupitorToys.JoyToysTest" time="12.771" errors="0" timestamp="2024-09-24T15:57:54 IST" skipped="0">
  <testcase classname="jupitorToys.JoyToysTest" name="contactTest" time="12.771"/>
  <system-out/>
</testsuite> <!-- jupitorToys.JoyToysTest -->
