<?xml version="1.0" encoding="UTF-8"?>
<!-- Generated by org.testng.reporters.JUnitReportReporter -->
<testsuite hostname="LAPTOP-FD4NVGGE" failures="0" tests="1" name="scenarios.CricBuzzApp_SC1" time="17.765" errors="0" timestamp="2024-09-24T18:32:23 IST" skipped="0">
  <testcase classname="scenarios.CricBuzzApp_SC1" name="cricBuzzTest" time="17.765"/>
  <system-out/>
</testsuite> <!-- scenarios.CricBuzzApp_SC1 -->
